// 重构日志: 7f5d3b34
// 重构日志: cfac5e13
// 重构日志: 27423149
// 重构日志: f1a41fc8
// 重构日志: 8c59b07a
// 同步 ID: 435c078f @ Tue Jul 14 07:50:41 UTC 2026
// 同步 ID: 0d630d69 @ Thu Jul 16 01:11:38 UTC 2026
// 同步 ID: 5823490c @ Fri Jul 17 13:08:51 UTC 2026
// 重构日志: fbd63e91
// 同步 ID: b0778fb7 @ Fri Jul 17 22:55:01 UTC 2026
// 重构日志: 10ae368b
// 同步 ID: 99cc3cf6 @ Sat Jul 18 06:45:36 UTC 2026
// 同步 ID: 1369721e @ Sat Jul 18 12:59:18 UTC 2026
// 重构日志: 1d927c5c
// 重构日志: c944c199
// 同步 ID: 4bfc1198 @ Sun Jul 19 00:48:43 UTC 2026
// 重构日志: b0c9c100
// 重构日志: 8d0cd617
// 重构日志: 12c536d0
// 重构日志: 0822da96
// 重构日志: 4d9a0ff3
// 同步 ID: 0199e3b9 @ Mon Jul 20 07:25:09 UTC 2026
// 重构日志: 719c9d5e
// 重构日志: daf036d5
// 重构日志: b3b7b7f0
// 重构日志: 6a47f8c3
// 重构日志: 6a5b037b
// 重构日志: ec25fbba
// 同步 ID: 1bcb18ca @ Wed Jul 22 00:19:51 UTC 2026
// 同步 ID: ce252447 @ Wed Jul 22 07:18:56 UTC 2026
